{"timestamp":"2019-11-21T10:51:44+03:00","router_error":null,"details":{"kullanici":"admin","yetki":"ADMIN"},"duration":0.01143}
{"timestamp":"2019-11-21T10:51:44+03:00","router_error":null,"details":{"kullanici":"admin","yetki":"ADMIN"},"duration":0.01026}
{"timestamp":"2019-11-21T10:52:13+03:00","router_error":null,"details":true,"duration":0.01044}
{"timestamp":"2019-11-21T11:01:46+03:00","router_error":null,"details":true,"duration":0.01047}
{"timestamp":"2019-11-21T11:19:45+03:00","router_error":null,"details":null,"duration":0.01176}
{"timestamp":"2019-11-21T11:19:46+03:00","router_error":null,"details":null,"duration":0.01062}
{"timestamp":"2019-11-21T11:19:52+03:00","router_error":null,"details":true,"duration":0.00246}
{"timestamp":"2019-11-21T11:19:52+03:00","router_error":null,"details":{"kullanici":"admin","yetki":"ADMIN"},"duration":0.01075}
{"timestamp":"2019-11-21T11:19:53+03:00","router_error":null,"details":{"kullanici":"admin","yetki":"ADMIN"},"duration":0.01293}
{"timestamp":"2019-11-21T11:19:53+03:00","router_error":null,"details":{"kullanici":"admin","yetki":"ADMIN"},"duration":0.01287}
{"timestamp":"2019-11-21T11:20:07+03:00","router_error":null,"details":{"kullanici":"admin","yetki":"ADMIN"},"duration":0.01244}
{"timestamp":"2019-11-21T11:25:53+03:00","router_error":null,"details":{"kullanici":"admin","yetki":"ADMIN"},"duration":0.01028}
{"timestamp":"2019-11-21T11:26:26+03:00","router_error":null,"details":true,"duration":0.01149}
{"timestamp":"2019-11-21T11:26:32+03:00","router_error":null,"details":true,"duration":0.00254}
{"timestamp":"2019-11-21T11:26:32+03:00","router_error":null,"details":{"kullanici":"admin","yetki":"ADMIN"},"duration":0.01059}
{"timestamp":"2019-11-21T11:36:33+03:00","router_error":null,"details":true,"duration":0.01062}
{"timestamp":"2019-11-21T13:11:30+03:00","router_error":null,"details":false,"duration":0.13474}
{"timestamp":"2019-11-21T13:11:36+03:00","router_error":null,"details":true,"duration":0.00197}
{"timestamp":"2019-11-21T13:11:36+03:00","router_error":null,"details":{"kullanici":"admin","yetki":"ADMIN"},"duration":0.13568}
{"timestamp":"2019-11-21T13:27:26+03:00","router_error":null,"details":true,"duration":0.01086}
{"timestamp":"2019-11-21T13:28:21+03:00","router_error":null,"details":false,"duration":0.01226}
{"timestamp":"2019-11-21T13:28:26+03:00","router_error":null,"details":true,"duration":0.0021}
{"timestamp":"2019-11-21T13:28:26+03:00","router_error":null,"details":{"kullanici":"admin","yetki":"ADMIN"},"duration":0.01149}
{"timestamp":"2019-11-21T13:28:33+03:00","router_error":null,"details":{"kullanici":"admin","yetki":"ADMIN"},"duration":0.01115}
{"timestamp":"2019-11-21T13:28:34+03:00","router_error":null,"details":{"kullanici":"admin","yetki":"ADMIN"},"duration":0.01138}
{"timestamp":"2019-11-21T13:37:06+03:00","router_error":null,"details":{"kullanici":"admin","yetki":"ADMIN"},"duration":0.01206}
{"timestamp":"2019-11-21T13:37:34+03:00","router_error":null,"details":{"kullanici":"admin","yetki":"ADMIN"},"duration":0.01095}
{"timestamp":"2019-11-21T13:37:44+03:00","router_error":null,"details":{"kullanici":"admin","yetki":"ADMIN"},"duration":0.01252}
{"timestamp":"2019-11-21T13:37:45+03:00","router_error":null,"details":{"kullanici":"admin","yetki":"ADMIN"},"duration":0.01331}
{"timestamp":"2019-11-21T13:37:45+03:00","router_error":null,"details":{"kullanici":"admin","yetki":"ADMIN"},"duration":0.01215}
{"timestamp":"2019-11-21T13:43:27+03:00","router_error":null,"details":{"kullanici":"admin","yetki":"ADMIN"},"duration":0.01009}
{"timestamp":"2019-11-21T13:43:28+03:00","router_error":null,"details":{"kullanici":"admin","yetki":"ADMIN"},"duration":0.01112}
{"timestamp":"2019-11-21T13:43:28+03:00","router_error":null,"details":{"kullanici":"admin","yetki":"ADMIN"},"duration":0.01038}
{"timestamp":"2019-11-21T13:53:29+03:00","router_error":null,"details":true,"duration":0.01135}
{"timestamp":"2019-11-21T13:58:29+03:00","router_error":null,"details":false,"duration":0.01211}
{"timestamp":"2019-11-21T13:58:34+03:00","router_error":null,"details":true,"duration":0.00194}
{"timestamp":"2019-11-21T13:58:34+03:00","router_error":null,"details":{"kullanici":"admin","yetki":"ADMIN"},"duration":0.01025}
{"timestamp":"2019-11-21T13:58:38+03:00","router_error":null,"details":{"kullanici":"admin","yetki":"ADMIN"},"duration":0.01215}
{"timestamp":"2019-11-21T13:58:38+03:00","router_error":null,"details":{"kullanici":"admin","yetki":"ADMIN"},"duration":0.0126}
{"timestamp":"2019-11-21T13:58:45+03:00","router_error":null,"details":{"kullanici":"admin","yetki":"ADMIN"},"duration":0.01086}
{"timestamp":"2019-11-21T14:04:40+03:00","router_error":null,"details":{"kullanici":"admin","yetki":"ADMIN"},"duration":0.01055}
{"timestamp":"2019-11-21T14:06:35+03:00","router_error":null,"details":{"kullanici":"admin","yetki":"ADMIN"},"duration":0.01045}
{"timestamp":"2019-11-21T14:07:10+03:00","router_error":null,"details":{"kullanici":"admin","yetki":"ADMIN"},"duration":0.00991}
{"timestamp":"2019-11-21T14:08:04+03:00","router_error":null,"details":{"kullanici":"admin","yetki":"ADMIN"},"duration":0.01149}
{"timestamp":"2019-11-21T14:08:23+03:00","router_error":null,"details":{"kullanici":"admin","yetki":"ADMIN"},"duration":0.00942}
{"timestamp":"2019-11-21T14:18:25+03:00","router_error":null,"details":true,"duration":0.00974}
{"timestamp":"2019-11-21T14:28:36+03:00","router_error":null,"details":true,"duration":0.00209}
{"timestamp":"2019-11-21T14:28:36+03:00","router_error":null,"details":{"kullanici":"admin","yetki":"ADMIN"},"duration":0.00974}
{"timestamp":"2019-11-21T14:28:44+03:00","router_error":null,"details":{"kullanici":"admin","yetki":"ADMIN"},"duration":0.01097}
{"timestamp":"2019-11-21T14:32:52+03:00","router_error":null,"details":{"kullanici":"admin","yetki":"ADMIN"},"duration":0.01124}
{"timestamp":"2019-11-21T14:34:07+03:00","router_error":null,"details":{"kullanici":"admin","yetki":"ADMIN"},"duration":0.00958}
{"timestamp":"2019-11-21T14:38:22+03:00","router_error":null,"details":{"kullanici":"admin","yetki":"ADMIN"},"duration":0.0098}
{"timestamp":"2019-11-21T14:38:27+03:00","router_error":null,"details":{"kullanici":"admin","yetki":"ADMIN"},"duration":0.00932}
{"timestamp":"2019-11-21T14:38:28+03:00","router_error":null,"details":{"kullanici":"admin","yetki":"ADMIN"},"duration":0.01037}
{"timestamp":"2019-11-21T14:38:28+03:00","router_error":null,"details":{"kullanici":"admin","yetki":"ADMIN"},"duration":0.01035}
{"timestamp":"2019-11-21T14:42:13+03:00","router_error":null,"details":{"kullanici":"admin","yetki":"ADMIN"},"duration":0.0101}
{"timestamp":"2019-11-21T14:42:14+03:00","router_error":null,"details":{"kullanici":"admin","yetki":"ADMIN"},"duration":0.01132}
{"timestamp":"2019-11-21T14:42:14+03:00","router_error":null,"details":{"kullanici":"admin","yetki":"ADMIN"},"duration":0.01082}
{"timestamp":"2019-11-21T14:43:37+03:00","router_error":null,"details":{"kullanici":"admin","yetki":"ADMIN"},"duration":0.01092}
{"timestamp":"2019-11-21T14:43:38+03:00","router_error":null,"details":{"kullanici":"admin","yetki":"ADMIN"},"duration":0.01146}
{"timestamp":"2019-11-21T14:43:38+03:00","router_error":null,"details":{"kullanici":"admin","yetki":"ADMIN"},"duration":0.01169}
{"timestamp":"2019-11-21T14:44:49+03:00","router_error":null,"details":{"kullanici":"admin","yetki":"ADMIN"},"duration":0.01045}
{"timestamp":"2019-11-21T14:44:50+03:00","router_error":null,"details":{"kullanici":"admin","yetki":"ADMIN"},"duration":0.01139}
{"timestamp":"2019-11-21T14:44:50+03:00","router_error":null,"details":{"kullanici":"admin","yetki":"ADMIN"},"duration":0.01138}
{"timestamp":"2019-11-21T14:49:43+03:00","router_error":null,"details":{"kullanici":"admin","yetki":"ADMIN"},"duration":0.00979}
{"timestamp":"2019-11-21T14:49:44+03:00","router_error":null,"details":{"kullanici":"admin","yetki":"ADMIN"},"duration":0.00955}
{"timestamp":"2019-11-21T14:49:44+03:00","router_error":null,"details":{"kullanici":"admin","yetki":"ADMIN"},"duration":0.01141}
{"timestamp":"2019-11-21T14:52:10+03:00","router_error":null,"details":{"kullanici":"admin","yetki":"ADMIN"},"duration":0.01086}
{"timestamp":"2019-11-21T14:52:11+03:00","router_error":null,"details":{"kullanici":"admin","yetki":"ADMIN"},"duration":0.0106}
{"timestamp":"2019-11-21T14:52:12+03:00","router_error":null,"details":{"kullanici":"admin","yetki":"ADMIN"},"duration":0.01211}
{"timestamp":"2019-11-21T14:53:00+03:00","router_error":null,"details":{"kullanici":"admin","yetki":"ADMIN"},"duration":0.01162}
{"timestamp":"2019-11-21T14:53:02+03:00","router_error":null,"details":{"kullanici":"admin","yetki":"ADMIN"},"duration":0.01125}
{"timestamp":"2019-11-21T14:53:02+03:00","router_error":null,"details":{"kullanici":"admin","yetki":"ADMIN"},"duration":0.01081}
{"timestamp":"2019-11-21T14:55:07+03:00","router_error":null,"details":{"kullanici":"admin","yetki":"ADMIN"},"duration":0.00995}
{"timestamp":"2019-11-21T14:55:08+03:00","router_error":null,"details":{"kullanici":"admin","yetki":"ADMIN"},"duration":0.01051}
{"timestamp":"2019-11-21T14:55:08+03:00","router_error":null,"details":{"kullanici":"admin","yetki":"ADMIN"},"duration":0.0102}
{"timestamp":"2019-11-21T14:56:06+03:00","router_error":null,"details":{"kullanici":"admin","yetki":"ADMIN"},"duration":0.00908}
{"timestamp":"2019-11-21T15:02:07+03:00","router_error":null,"details":{"kullanici":"admin","yetki":"ADMIN"},"duration":0.00973}
{"timestamp":"2019-11-21T15:03:37+03:00","router_error":null,"details":{"kullanici":"admin","yetki":"ADMIN"},"duration":0.00989}
{"timestamp":"2019-11-21T15:15:07+03:00","router_error":null,"details":true,"duration":0.00996}
{"timestamp":"2019-11-22T08:48:47+03:00","router_error":null,"details":null,"duration":0.0133}
{"timestamp":"2019-11-22T08:48:47+03:00","router_error":null,"details":null,"duration":0.00941}
{"timestamp":"2019-11-22T08:48:55+03:00","router_error":null,"details":true,"duration":0.00991}
{"timestamp":"2019-11-22T08:48:55+03:00","router_error":null,"details":{"kullanici":"admin","yetki":"ADMIN"},"duration":0.00966}
{"timestamp":"2019-11-22T08:59:16+03:00","router_error":null,"details":true,"duration":0.00951}
{"timestamp":"2019-11-22T09:05:35+03:00","router_error":null,"details":true,"duration":0.00955}
{"timestamp":"2019-11-22T09:06:28+03:00","router_error":null,"details":true,"duration":0.00896}
{"timestamp":"2019-11-22T09:09:44+03:00","router_error":null,"details":true,"duration":0.00954}
{"timestamp":"2019-11-22T09:13:01+03:00","router_error":null,"details":true,"duration":0.01256}
{"timestamp":"2019-11-22T09:13:33+03:00","router_error":null,"details":true,"duration":0.01005}
{"timestamp":"2019-11-22T09:17:20+03:00","router_error":null,"details":true,"duration":0.00985}
{"timestamp":"2019-11-22T09:17:55+03:00","router_error":null,"details":true,"duration":0.00956}
{"timestamp":"2019-11-22T09:18:28+03:00","router_error":null,"details":true,"duration":0.00883}
{"timestamp":"2019-11-22T09:18:42+03:00","router_error":null,"details":false,"duration":0.00972}
{"timestamp":"2019-11-22T09:18:49+03:00","router_error":null,"details":true,"duration":0.00244}
{"timestamp":"2019-11-22T09:18:49+03:00","router_error":null,"details":{"kullanici":"admin","yetki":"ADMIN"},"duration":0.0096}
{"timestamp":"2019-11-22T09:19:10+03:00","router_error":null,"details":true,"duration":0.00915}
{"timestamp":"2019-11-22T09:19:37+03:00","router_error":null,"details":true,"duration":0.00185}
{"timestamp":"2019-11-22T09:19:37+03:00","router_error":null,"details":{"kullanici":"admin","yetki":"ADMIN"},"duration":0.00978}
{"timestamp":"2019-11-22T09:30:30+03:00","router_error":null,"details":true,"duration":0.00985}
{"timestamp":"2019-11-22T09:40:11+03:00","router_error":null,"details":true,"duration":0.00193}
{"timestamp":"2019-11-22T09:40:11+03:00","router_error":null,"details":{"kullanici":"admin","yetki":"ADMIN"},"duration":0.01011}
{"timestamp":"2019-11-22T09:42:42+03:00","router_error":null,"details":{"kullanici":"admin","yetki":"ADMIN"},"duration":0.01014}
{"timestamp":"2019-11-22T09:42:57+03:00","router_error":null,"details":{"kullanici":"admin","yetki":"ADMIN"},"duration":0.01001}
{"timestamp":"2019-11-22T09:42:58+03:00","router_error":null,"details":{"kullanici":"admin","yetki":"ADMIN"},"duration":0.01088}
{"timestamp":"2019-11-22T09:42:58+03:00","router_error":null,"details":{"kullanici":"admin","yetki":"ADMIN"},"duration":0.01394}
{"timestamp":"2019-11-22T09:43:57+03:00","router_error":null,"details":{"kullanici":"admin","yetki":"ADMIN"},"duration":0.01059}
{"timestamp":"2019-11-22T09:43:58+03:00","router_error":null,"details":{"kullanici":"admin","yetki":"ADMIN"},"duration":0.01302}
{"timestamp":"2019-11-22T09:43:58+03:00","router_error":null,"details":{"kullanici":"admin","yetki":"ADMIN"},"duration":0.01115}
{"timestamp":"2019-11-22T09:45:54+03:00","router_error":null,"details":{"kullanici":"admin","yetki":"ADMIN"},"duration":0.00982}
{"timestamp":"2019-11-22T09:45:56+03:00","router_error":null,"details":{"kullanici":"admin","yetki":"ADMIN"},"duration":0.01053}
{"timestamp":"2019-11-22T09:45:56+03:00","router_error":null,"details":{"kullanici":"admin","yetki":"ADMIN"},"duration":0.01131}
{"timestamp":"2019-11-22T09:47:27+03:00","router_error":null,"details":{"kullanici":"admin","yetki":"ADMIN"},"duration":0.01164}
{"timestamp":"2019-11-22T09:48:07+03:00","router_error":null,"details":{"kullanici":"admin","yetki":"ADMIN"},"duration":0.01025}
{"timestamp":"2019-11-22T09:49:05+03:00","router_error":null,"details":{"kullanici":"admin","yetki":"ADMIN"},"duration":0.01085}
{"timestamp":"2019-11-22T09:49:14+03:00","router_error":null,"details":{"kullanici":"admin","yetki":"ADMIN"},"duration":0.01025}
{"timestamp":"2019-11-22T09:49:15+03:00","router_error":null,"details":{"kullanici":"admin","yetki":"ADMIN"},"duration":0.01172}
{"timestamp":"2019-11-22T09:49:15+03:00","router_error":null,"details":{"kullanici":"admin","yetki":"ADMIN"},"duration":0.01292}
{"timestamp":"2019-11-22T09:50:34+03:00","router_error":null,"details":{"kullanici":"admin","yetki":"ADMIN"},"duration":0.00922}
{"timestamp":"2019-11-22T09:50:35+03:00","router_error":null,"details":{"kullanici":"admin","yetki":"ADMIN"},"duration":0.01199}
{"timestamp":"2019-11-22T09:50:35+03:00","router_error":null,"details":{"kullanici":"admin","yetki":"ADMIN"},"duration":0.0128}
{"timestamp":"2019-11-22T09:52:39+03:00","router_error":null,"details":{"kullanici":"admin","yetki":"ADMIN"},"duration":0.01068}
{"timestamp":"2019-11-22T09:52:40+03:00","router_error":null,"details":{"kullanici":"admin","yetki":"ADMIN"},"duration":0.01146}
{"timestamp":"2019-11-22T09:52:41+03:00","router_error":null,"details":{"kullanici":"admin","yetki":"ADMIN"},"duration":0.01052}
{"timestamp":"2019-11-22T09:55:03+03:00","router_error":null,"details":{"kullanici":"admin","yetki":"ADMIN"},"duration":0.01037}
{"timestamp":"2019-11-22T09:55:04+03:00","router_error":null,"details":{"kullanici":"admin","yetki":"ADMIN"},"duration":0.01088}
{"timestamp":"2019-11-22T09:55:04+03:00","router_error":null,"details":{"kullanici":"admin","yetki":"ADMIN"},"duration":0.01263}
{"timestamp":"2019-11-22T09:55:25+03:00","router_error":null,"details":{"kullanici":"admin","yetki":"ADMIN"},"duration":0.01044}
{"timestamp":"2019-11-22T09:55:26+03:00","router_error":null,"details":{"kullanici":"admin","yetki":"ADMIN"},"duration":0.01149}
{"timestamp":"2019-11-22T09:55:27+03:00","router_error":null,"details":{"kullanici":"admin","yetki":"ADMIN"},"duration":0.01202}
{"timestamp":"2019-11-22T09:58:46+03:00","router_error":null,"details":{"kullanici":"admin","yetki":"ADMIN"},"duration":0.01146}
{"timestamp":"2019-11-22T09:58:47+03:00","router_error":null,"details":{"kullanici":"admin","yetki":"ADMIN"},"duration":0.01143}
{"timestamp":"2019-11-22T09:58:47+03:00","router_error":null,"details":{"kullanici":"admin","yetki":"ADMIN"},"duration":0.0119}
{"timestamp":"2019-11-22T09:59:01+03:00","router_error":null,"details":{"kullanici":"admin","yetki":"ADMIN"},"duration":0.01117}
{"timestamp":"2019-11-22T09:59:02+03:00","router_error":null,"details":{"kullanici":"admin","yetki":"ADMIN"},"duration":0.01168}
{"timestamp":"2019-11-22T09:59:02+03:00","router_error":null,"details":{"kullanici":"admin","yetki":"ADMIN"},"duration":0.00946}
{"timestamp":"2019-11-22T10:02:58+03:00","router_error":null,"details":{"kullanici":"admin","yetki":"ADMIN"},"duration":0.01057}
{"timestamp":"2019-11-22T10:03:00+03:00","router_error":null,"details":{"kullanici":"admin","yetki":"ADMIN"},"duration":0.01105}
{"timestamp":"2019-11-22T10:03:00+03:00","router_error":null,"details":{"kullanici":"admin","yetki":"ADMIN"},"duration":0.01215}
{"timestamp":"2019-11-22T10:05:19+03:00","router_error":null,"details":{"kullanici":"admin","yetki":"ADMIN"},"duration":0.00939}
{"timestamp":"2019-11-22T10:07:25+03:00","router_error":null,"details":{"kullanici":"admin","yetki":"ADMIN"},"duration":0.00959}
{"timestamp":"2019-11-22T10:07:42+03:00","router_error":null,"details":{"kullanici":"admin","yetki":"ADMIN"},"duration":0.01078}
{"timestamp":"2019-11-22T10:07:56+03:00","router_error":null,"details":{"kullanici":"admin","yetki":"ADMIN"},"duration":0.0126}
{"timestamp":"2019-11-22T10:08:15+03:00","router_error":null,"details":{"kullanici":"admin","yetki":"ADMIN"},"duration":0.01031}
{"timestamp":"2019-11-22T10:19:47+03:00","router_error":null,"details":true,"duration":0.12342}
{"timestamp":"2019-11-22T10:20:39+03:00","router_error":null,"details":true,"duration":0.00234}
{"timestamp":"2019-11-22T10:20:39+03:00","router_error":null,"details":{"kullanici":"admin","yetki":"ADMIN"},"duration":0.01097}
{"timestamp":"2019-11-22T10:22:40+03:00","router_error":null,"details":{"kullanici":"admin","yetki":"ADMIN"},"duration":0.00967}
{"timestamp":"2019-11-22T10:23:34+03:00","router_error":null,"details":{"kullanici":"admin","yetki":"ADMIN"},"duration":0.00926}
{"timestamp":"2019-11-22T10:24:12+03:00","router_error":null,"details":{"kullanici":"admin","yetki":"ADMIN"},"duration":0.00984}
{"timestamp":"2019-11-22T10:25:00+03:00","router_error":null,"details":{"kullanici":"admin","yetki":"ADMIN"},"duration":0.0115}
{"timestamp":"2019-11-22T10:29:55+03:00","router_error":null,"details":{"kullanici":"admin","yetki":"ADMIN"},"duration":0.01047}
{"timestamp":"2019-11-22T10:30:32+03:00","router_error":null,"details":{"kullanici":"admin","yetki":"ADMIN"},"duration":0.00946}
{"timestamp":"2019-11-22T10:32:00+03:00","router_error":null,"details":{"kullanici":"admin","yetki":"ADMIN"},"duration":0.01013}
{"timestamp":"2019-11-22T10:45:37+03:00","router_error":null,"details":{"kullanici":"admin","yetki":"ADMIN"},"duration":0.01258}
{"timestamp":"2019-11-22T10:48:42+03:00","router_error":null,"details":{"kullanici":"admin","yetki":"ADMIN"},"duration":0.01108}
{"timestamp":"2019-11-22T10:49:14+03:00","router_error":null,"details":{"kullanici":"admin","yetki":"ADMIN"},"duration":0.01107}
{"timestamp":"2019-11-22T10:59:16+03:00","router_error":null,"details":true,"duration":0.01238}
{"timestamp":"2019-11-22T11:05:17+03:00","router_error":null,"details":true,"duration":0.00278}
{"timestamp":"2019-11-22T11:05:17+03:00","router_error":null,"details":{"kullanici":"admin","yetki":"ADMIN"},"duration":0.01158}
{"timestamp":"2019-11-22T11:15:23+03:00","router_error":null,"details":true,"duration":0.01184}
{"timestamp":"2019-11-22T11:18:12+03:00","router_error":null,"details":true,"duration":0.00212}
{"timestamp":"2019-11-22T11:18:12+03:00","router_error":null,"details":{"kullanici":"admin","yetki":"ADMIN"},"duration":0.00918}
{"timestamp":"2019-11-22T11:28:16+03:00","router_error":null,"details":true,"duration":0.01063}
{"timestamp":"2019-11-22T11:41:14+03:00","router_error":null,"details":true,"duration":0.0019}
{"timestamp":"2019-11-22T11:41:14+03:00","router_error":null,"details":{"kullanici":"admin","yetki":"ADMIN"},"duration":0.00984}
{"timestamp":"2019-11-22T11:44:18+03:00","router_error":null,"details":{"kullanici":"admin","yetki":"ADMIN"},"duration":0.00962}
{"timestamp":"2019-11-22T11:47:39+03:00","router_error":null,"details":{"kullanici":"admin","yetki":"ADMIN"},"duration":0.00986}
{"timestamp":"2019-11-22T11:48:03+03:00","router_error":null,"details":{"kullanici":"admin","yetki":"ADMIN"},"duration":0.01208}
{"timestamp":"2019-11-22T11:48:42+03:00","router_error":null,"details":{"kullanici":"admin","yetki":"ADMIN"},"duration":0.00946}
{"timestamp":"2019-11-22T11:50:09+03:00","router_error":null,"details":{"kullanici":"admin","yetki":"ADMIN"},"duration":0.01043}
{"timestamp":"2019-11-22T11:50:26+03:00","router_error":null,"details":{"kullanici":"admin","yetki":"ADMIN"},"duration":0.0105}
{"timestamp":"2019-11-22T11:52:00+03:00","router_error":null,"details":{"kullanici":"admin","yetki":"ADMIN"},"duration":0.01027}
{"timestamp":"2019-11-22T11:52:23+03:00","router_error":null,"details":{"kullanici":"admin","yetki":"ADMIN"},"duration":0.00974}
{"timestamp":"2019-11-22T11:53:31+03:00","router_error":null,"details":{"kullanici":"admin","yetki":"ADMIN"},"duration":0.01197}
{"timestamp":"2019-11-22T11:53:46+03:00","router_error":null,"details":{"kullanici":"admin","yetki":"ADMIN"},"duration":0.01049}
{"timestamp":"2019-11-22T11:54:22+03:00","router_error":null,"details":{"kullanici":"admin","yetki":"ADMIN"},"duration":0.01062}
{"timestamp":"2019-11-22T11:56:02+03:00","router_error":null,"details":{"kullanici":"admin","yetki":"ADMIN"},"duration":0.00975}
{"timestamp":"2019-11-22T12:06:21+03:00","router_error":null,"details":true,"duration":0.00944}
{"timestamp":"2019-11-22T13:01:00+03:00","router_error":null,"details":true,"duration":0.00205}
{"timestamp":"2019-11-22T13:01:00+03:00","router_error":null,"details":{"kullanici":"admin","yetki":"ADMIN"},"duration":0.01066}
{"timestamp":"2019-11-22T13:11:28+03:00","router_error":null,"details":{"kullanici":"admin","yetki":"ADMIN"},"duration":0.01029}
{"timestamp":"2019-11-22T13:12:50+03:00","router_error":null,"details":{"kullanici":"admin","yetki":"ADMIN"},"duration":0.00929}
{"timestamp":"2019-11-22T13:23:00+03:00","router_error":null,"details":true,"duration":0.01193}
{"timestamp":"2019-11-22T13:53:09+03:00","router_error":null,"details":true,"duration":0.00208}
{"timestamp":"2019-11-22T13:53:09+03:00","router_error":null,"details":{"kullanici":"admin","yetki":"ADMIN"},"duration":0.0092}
{"timestamp":"2019-11-22T13:55:32+03:00","router_error":null,"details":{"kullanici":"admin","yetki":"ADMIN"},"duration":0.00997}
{"timestamp":"2019-11-22T13:55:41+03:00","router_error":null,"details":{"kullanici":"admin","yetki":"ADMIN"},"duration":0.01039}
{"timestamp":"2019-11-22T13:56:01+03:00","router_error":null,"details":{"kullanici":"admin","yetki":"ADMIN"},"duration":0.00953}
{"timestamp":"2019-11-22T14:06:03+03:00","router_error":null,"details":true,"duration":0.12185}
{"timestamp":"2019-11-22T14:09:08+03:00","router_error":null,"details":true,"duration":0.00201}
{"timestamp":"2019-11-22T14:09:08+03:00","router_error":null,"details":{"kullanici":"admin","yetki":"ADMIN"},"duration":0.01006}
{"timestamp":"2019-11-22T14:10:04+03:00","router_error":null,"details":{"kullanici":"admin","yetki":"ADMIN"},"duration":0.00964}
{"timestamp":"2019-11-22T14:16:18+03:00","router_error":null,"details":{"kullanici":"admin","yetki":"ADMIN"},"duration":0.01332}
{"timestamp":"2019-11-22T14:17:22+03:00","router_error":null,"details":{"kullanici":"admin","yetki":"ADMIN"},"duration":0.01068}
{"timestamp":"2019-11-22T14:17:31+03:00","router_error":null,"details":{"kullanici":"admin","yetki":"ADMIN"},"duration":0.01219}
{"timestamp":"2019-11-22T14:17:32+03:00","router_error":null,"details":{"kullanici":"admin","yetki":"ADMIN"},"duration":0.01043}
{"timestamp":"2019-11-22T14:17:32+03:00","router_error":null,"details":{"kullanici":"admin","yetki":"ADMIN"},"duration":0.01242}
{"timestamp":"2019-11-22T14:19:03+03:00","router_error":null,"details":{"kullanici":"admin","yetki":"ADMIN"},"duration":0.01221}
{"timestamp":"2019-11-22T14:19:05+03:00","router_error":null,"details":{"kullanici":"admin","yetki":"ADMIN"},"duration":0.01158}
{"timestamp":"2019-11-22T14:19:05+03:00","router_error":null,"details":{"kullanici":"admin","yetki":"ADMIN"},"duration":0.01085}
{"timestamp":"2019-11-22T14:19:09+03:00","router_error":null,"details":{"kullanici":"admin","yetki":"ADMIN"},"duration":0.01089}
{"timestamp":"2019-11-22T14:24:51+03:00","router_error":null,"details":{"kullanici":"admin","yetki":"ADMIN"},"duration":0.00965}
{"timestamp":"2019-11-22T14:29:49+03:00","router_error":null,"details":true,"duration":0.00957}
{"timestamp":"2019-11-22T14:30:04+03:00","router_error":null,"details":true,"duration":0.00257}
{"timestamp":"2019-11-22T14:30:04+03:00","router_error":null,"details":{"kullanici":"admin","yetki":"ADMIN"},"duration":0.0096}
{"timestamp":"2019-11-22T14:31:07+03:00","router_error":null,"details":{"kullanici":"admin","yetki":"ADMIN"},"duration":0.00902}
{"timestamp":"2019-11-22T14:31:11+03:00","router_error":null,"details":{"kullanici":"admin","yetki":"ADMIN"},"duration":0.00962}
{"timestamp":"2019-11-22T14:31:12+03:00","router_error":null,"details":{"kullanici":"admin","yetki":"ADMIN"},"duration":0.01055}
{"timestamp":"2019-11-22T14:31:12+03:00","router_error":null,"details":{"kullanici":"admin","yetki":"ADMIN"},"duration":0.01117}
{"timestamp":"2019-11-22T14:31:43+03:00","router_error":null,"details":{"kullanici":"admin","yetki":"ADMIN"},"duration":0.00944}
{"timestamp":"2019-11-22T14:44:43+03:00","router_error":null,"details":{"kullanici":"admin","yetki":"ADMIN"},"duration":0.01057}
{"timestamp":"2019-11-22T14:44:44+03:00","router_error":null,"details":{"kullanici":"admin","yetki":"ADMIN"},"duration":0.01045}
{"timestamp":"2019-11-22T14:48:14+03:00","router_error":null,"details":{"kullanici":"admin","yetki":"ADMIN"},"duration":0.0102}
{"timestamp":"2019-11-22T14:48:59+03:00","router_error":null,"details":{"kullanici":"admin","yetki":"ADMIN"},"duration":0.00915}
{"timestamp":"2019-11-22T14:49:20+03:00","router_error":null,"details":{"kullanici":"admin","yetki":"ADMIN"},"duration":0.0093}
{"timestamp":"2019-11-22T14:50:30+03:00","router_error":null,"details":{"kullanici":"admin","yetki":"ADMIN"},"duration":0.01061}
{"timestamp":"2019-11-22T14:57:34+03:00","router_error":null,"details":{"kullanici":"admin","yetki":"ADMIN"},"duration":0.01064}
{"timestamp":"2019-11-22T15:01:24+03:00","router_error":null,"details":{"kullanici":"admin","yetki":"ADMIN"},"duration":0.01173}
{"timestamp":"2019-11-22T15:11:25+03:00","router_error":null,"details":true,"duration":0.01026}
{"timestamp":"2019-11-22T15:12:04+03:00","router_error":null,"details":true,"duration":0.00305}
{"timestamp":"2019-11-22T15:12:04+03:00","router_error":null,"details":{"kullanici":"admin","yetki":"ADMIN"},"duration":0.00977}
{"timestamp":"2019-11-22T15:34:42+03:00","router_error":null,"details":{"kullanici":"admin","yetki":"ADMIN"},"duration":0.01019}
{"timestamp":"2019-11-22T15:35:54+03:00","router_error":null,"details":{"kullanici":"admin","yetki":"ADMIN"},"duration":0.00992}
{"timestamp":"2019-11-22T15:36:23+03:00","router_error":null,"details":{"kullanici":"admin","yetki":"ADMIN"},"duration":0.01015}
{"timestamp":"2019-11-22T15:37:49+03:00","router_error":null,"details":{"kullanici":"admin","yetki":"ADMIN"},"duration":0.01003}
{"timestamp":"2019-11-22T15:38:03+03:00","router_error":null,"details":{"kullanici":"admin","yetki":"ADMIN"},"duration":0.00973}
{"timestamp":"2019-11-22T15:58:01+03:00","router_error":null,"details":true,"duration":0.01001}
{"timestamp":"2019-11-22T16:52:54+03:00","router_error":null,"details":null,"duration":0.12946}
{"timestamp":"2019-11-22T16:52:54+03:00","router_error":null,"details":null,"duration":0.00945}
{"timestamp":"2019-11-22T16:53:01+03:00","router_error":null,"details":true,"duration":0.00196}
{"timestamp":"2019-11-22T16:53:01+03:00","router_error":null,"details":{"kullanici":"admin","yetki":"ADMIN"},"duration":0.13265}
{"timestamp":"2019-11-22T17:03:02+03:00","router_error":null,"details":true,"duration":0.00907}
{"timestamp":"2019-11-22T17:06:54+03:00","router_error":null,"details":true,"duration":0.00183}
{"timestamp":"2019-11-22T17:06:54+03:00","router_error":null,"details":{"kullanici":"admin","yetki":"ADMIN"},"duration":0.00926}
{"timestamp":"2019-11-22T17:10:27+03:00","router_error":null,"details":{"kullanici":"admin","yetki":"ADMIN"},"duration":0.00923}
{"timestamp":"2019-11-22T17:15:19+03:00","router_error":null,"details":{"kullanici":"admin","yetki":"ADMIN"},"duration":0.01024}
{"timestamp":"2019-11-22T17:15:38+03:00","router_error":null,"details":{"kullanici":"admin","yetki":"ADMIN"},"duration":0.00954}
{"timestamp":"2019-11-22T17:18:16+03:00","router_error":null,"details":{"kullanici":"admin","yetki":"ADMIN"},"duration":0.00942}
{"timestamp":"2019-11-22T17:21:53+03:00","router_error":null,"details":{"kullanici":"admin","yetki":"ADMIN"},"duration":0.00992}
{"timestamp":"2019-11-22T17:22:56+03:00","router_error":null,"details":{"kullanici":"admin","yetki":"ADMIN"},"duration":0.01075}
{"timestamp":"2019-11-22T17:24:02+03:00","router_error":null,"details":{"kullanici":"admin","yetki":"ADMIN"},"duration":0.01041}
{"timestamp":"2019-11-22T17:24:19+03:00","router_error":null,"details":{"kullanici":"admin","yetki":"ADMIN"},"duration":0.01026}
{"timestamp":"2019-11-22T17:30:49+03:00","router_error":null,"details":{"kullanici":"admin","yetki":"ADMIN"},"duration":0.00967}
{"timestamp":"2019-11-22T17:31:14+03:00","router_error":null,"details":{"kullanici":"admin","yetki":"ADMIN"},"duration":0.00968}
{"timestamp":"2019-11-22T17:38:06+03:00","router_error":null,"details":{"kullanici":"admin","yetki":"ADMIN"},"duration":0.01043}
{"timestamp":"2019-11-22T17:42:21+03:00","router_error":null,"details":{"kullanici":"admin","yetki":"ADMIN"},"duration":0.00966}
{"timestamp":"2019-11-22T17:44:59+03:00","router_error":null,"details":{"kullanici":"admin","yetki":"ADMIN"},"duration":0.00941}
{"timestamp":"2019-11-22T17:45:21+03:00","router_error":null,"details":{"kullanici":"admin","yetki":"ADMIN"},"duration":0.00981}
{"timestamp":"2019-11-22T17:50:12+03:00","router_error":null,"details":{"kullanici":"admin","yetki":"ADMIN"},"duration":0.00975}
{"timestamp":"2019-11-22T17:52:12+03:00","router_error":null,"details":{"kullanici":"admin","yetki":"ADMIN"},"duration":0.01019}
{"timestamp":"2019-11-22T17:53:02+03:00","router_error":null,"details":{"kullanici":"admin","yetki":"ADMIN"},"duration":0.00918}
{"timestamp":"2019-11-22T17:53:35+03:00","router_error":null,"details":{"kullanici":"admin","yetki":"ADMIN"},"duration":0.01047}
{"timestamp":"2019-11-25T09:03:55+03:00","router_error":null,"details":null,"duration":0.01445}
{"timestamp":"2019-11-25T09:04:06+03:00","router_error":null,"details":true,"duration":0.00975}
{"timestamp":"2019-11-25T09:04:06+03:00","router_error":null,"details":{"kullanici":"admin","yetki":"ADMIN"},"duration":0.00959}
{"timestamp":"2019-11-25T09:06:46+03:00","router_error":null,"details":{"kullanici":"admin","yetki":"ADMIN"},"duration":0.01044}
{"timestamp":"2019-11-25T09:09:28+03:00","router_error":null,"details":{"kullanici":"admin","yetki":"ADMIN"},"duration":0.01192}
{"timestamp":"2019-11-25T09:12:54+03:00","router_error":null,"details":{"kullanici":"admin","yetki":"ADMIN"},"duration":0.00924}
{"timestamp":"2019-11-25T09:13:13+03:00","router_error":null,"details":{"kullanici":"admin","yetki":"ADMIN"},"duration":0.00983}
{"timestamp":"2019-11-25T09:13:38+03:00","router_error":null,"details":{"kullanici":"admin","yetki":"ADMIN"},"duration":0.01033}
{"timestamp":"2019-11-25T09:13:55+03:00","router_error":null,"details":{"kullanici":"admin","yetki":"ADMIN"},"duration":0.01273}
{"timestamp":"2019-11-25T09:15:19+03:00","router_error":null,"details":{"kullanici":"admin","yetki":"ADMIN"},"duration":0.0094}
{"timestamp":"2019-11-25T09:15:33+03:00","router_error":null,"details":{"kullanici":"admin","yetki":"ADMIN"},"duration":0.01034}
{"timestamp":"2019-11-25T09:20:03+03:00","router_error":null,"details":{"kullanici":"admin","yetki":"ADMIN"},"duration":0.01025}
{"timestamp":"2019-11-25T09:23:27+03:00","router_error":null,"details":{"kullanici":"admin","yetki":"ADMIN"},"duration":0.00916}
{"timestamp":"2019-11-25T09:24:36+03:00","router_error":null,"details":{"kullanici":"admin","yetki":"ADMIN"},"duration":0.01337}
{"timestamp":"2019-11-25T09:26:31+03:00","router_error":null,"details":{"kullanici":"admin","yetki":"ADMIN"},"duration":0.00938}
{"timestamp":"2019-11-25T09:27:01+03:00","router_error":null,"details":{"kullanici":"admin","yetki":"ADMIN"},"duration":0.00932}
{"timestamp":"2019-11-25T09:28:47+03:00","router_error":null,"details":{"kullanici":"admin","yetki":"ADMIN"},"duration":0.00969}
{"timestamp":"2019-11-25T09:28:59+03:00","router_error":null,"details":{"kullanici":"admin","yetki":"ADMIN"},"duration":0.00946}
{"timestamp":"2019-11-25T09:29:43+03:00","router_error":null,"details":{"kullanici":"admin","yetki":"ADMIN"},"duration":0.0096}
{"timestamp":"2019-11-25T09:31:14+03:00","router_error":null,"details":{"kullanici":"admin","yetki":"ADMIN"},"duration":0.01018}
{"timestamp":"2019-11-25T09:41:50+03:00","router_error":null,"details":true,"duration":0.12244}
{"timestamp":"2019-11-25T09:45:10+03:00","router_error":null,"details":true,"duration":0.00207}
{"timestamp":"2019-11-25T09:45:10+03:00","router_error":null,"details":{"kullanici":"admin","yetki":"ADMIN"},"duration":0.01049}
{"timestamp":"2019-11-25T09:48:26+03:00","router_error":null,"details":{"kullanici":"admin","yetki":"ADMIN"},"duration":0.01052}
{"timestamp":"2019-11-25T09:59:12+03:00","router_error":null,"details":true,"duration":0.01103}
{"timestamp":"2019-11-25T10:01:34+03:00","router_error":null,"details":true,"duration":0.00168}
{"timestamp":"2019-11-25T10:01:34+03:00","router_error":null,"details":{"kullanici":"admin","yetki":"ADMIN"},"duration":0.01107}
{"timestamp":"2019-11-25T10:08:46+03:00","router_error":null,"details":{"kullanici":"admin","yetki":"ADMIN"},"duration":0.00928}
{"timestamp":"2019-11-25T10:18:54+03:00","router_error":null,"details":true,"duration":0.01044}
{"timestamp":"2019-11-25T11:10:07+03:00","router_error":null,"details":true,"duration":0.0017}
{"timestamp":"2019-11-25T11:10:07+03:00","router_error":null,"details":{"kullanici":"admin","yetki":"ADMIN"},"duration":0.00934}
{"timestamp":"2019-11-25T11:21:52+03:00","router_error":null,"details":true,"duration":0.01218}
{"timestamp":"2019-11-25T11:43:34+03:00","router_error":null,"details":true,"duration":0.00178}
{"timestamp":"2019-11-25T11:43:34+03:00","router_error":null,"details":{"kullanici":"admin","yetki":"ADMIN"},"duration":0.01022}
{"timestamp":"2019-11-25T11:50:34+03:00","router_error":null,"details":{"kullanici":"admin","yetki":"ADMIN"},"duration":0.01055}
{"timestamp":"2019-11-25T12:01:47+03:00","router_error":null,"details":true,"duration":0.00934}
{"timestamp":"2019-11-26T08:40:36+03:00","router_error":null,"details":null,"duration":0.01433}
{"timestamp":"2019-11-26T08:40:44+03:00","router_error":null,"details":true,"duration":0.01096}
{"timestamp":"2019-11-26T08:40:44+03:00","router_error":null,"details":{"kullanici":"admin","yetki":"ADMIN"},"duration":0.01063}
{"timestamp":"2019-11-26T08:43:28+03:00","router_error":null,"details":{"kullanici":"admin","yetki":"ADMIN"},"duration":0.00897}
{"timestamp":"2019-11-26T08:44:08+03:00","router_error":null,"details":{"kullanici":"admin","yetki":"ADMIN"},"duration":0.01063}
{"timestamp":"2019-11-26T08:44:27+03:00","router_error":null,"details":{"kullanici":"admin","yetki":"ADMIN"},"duration":0.00891}
{"timestamp":"2019-11-26T08:46:25+03:00","router_error":null,"details":{"kullanici":"admin","yetki":"ADMIN"},"duration":0.01222}
{"timestamp":"2019-11-26T08:48:57+03:00","router_error":null,"details":{"kullanici":"admin","yetki":"ADMIN"},"duration":0.01036}
{"timestamp":"2019-11-26T08:59:12+03:00","router_error":null,"details":true,"duration":0.00936}
{"timestamp":"2019-11-26T09:02:05+03:00","router_error":null,"details":true,"duration":0.00189}
{"timestamp":"2019-11-26T09:02:05+03:00","router_error":null,"details":{"kullanici":"admin","yetki":"ADMIN"},"duration":0.00895}
{"timestamp":"2019-11-26T09:04:21+03:00","router_error":null,"details":{"kullanici":"admin","yetki":"ADMIN"},"duration":0.01007}
{"timestamp":"2019-11-26T09:05:16+03:00","router_error":null,"details":{"kullanici":"admin","yetki":"ADMIN"},"duration":0.01097}
{"timestamp":"2019-11-26T09:05:54+03:00","router_error":null,"details":{"kullanici":"admin","yetki":"ADMIN"},"duration":0.01196}
{"timestamp":"2019-11-26T09:07:32+03:00","router_error":null,"details":{"kullanici":"admin","yetki":"ADMIN"},"duration":0.01027}
{"timestamp":"2019-11-26T09:07:50+03:00","router_error":null,"details":{"kullanici":"admin","yetki":"ADMIN"},"duration":0.00989}
{"timestamp":"2019-11-26T09:08:23+03:00","router_error":null,"details":{"kullanici":"admin","yetki":"ADMIN"},"duration":0.00909}
{"timestamp":"2019-11-26T09:08:53+03:00","router_error":null,"details":{"kullanici":"admin","yetki":"ADMIN"},"duration":0.00947}
{"timestamp":"2019-11-26T09:12:50+03:00","router_error":null,"details":{"kullanici":"admin","yetki":"ADMIN"},"duration":0.00927}
{"timestamp":"2019-11-26T09:15:51+03:00","router_error":null,"details":{"kullanici":"admin","yetki":"ADMIN"},"duration":0.00916}
{"timestamp":"2019-11-26T09:16:29+03:00","router_error":null,"details":{"kullanici":"admin","yetki":"ADMIN"},"duration":0.00942}
{"timestamp":"2019-11-26T09:16:45+03:00","router_error":null,"details":{"kullanici":"admin","yetki":"ADMIN"},"duration":0.00979}
{"timestamp":"2019-11-26T09:17:23+03:00","router_error":null,"details":{"kullanici":"admin","yetki":"ADMIN"},"duration":0.01156}
{"timestamp":"2019-11-26T09:18:57+03:00","router_error":null,"details":{"kullanici":"admin","yetki":"ADMIN"},"duration":0.01075}
{"timestamp":"2019-11-26T09:20:48+03:00","router_error":null,"details":{"kullanici":"admin","yetki":"ADMIN"},"duration":0.00929}
{"timestamp":"2019-11-26T09:30:58+03:00","router_error":null,"details":true,"duration":0.01226}
{"timestamp":"2019-11-26T09:49:14+03:00","router_error":null,"details":true,"duration":0.00177}
{"timestamp":"2019-11-26T09:49:14+03:00","router_error":null,"details":{"kullanici":"admin","yetki":"ADMIN"},"duration":0.01103}
{"timestamp":"2019-11-26T10:00:07+03:00","router_error":null,"details":true,"duration":0.12011}
{"timestamp":"2019-11-26T10:01:09+03:00","router_error":null,"details":true,"duration":0.00173}
{"timestamp":"2019-11-26T10:01:09+03:00","router_error":null,"details":{"kullanici":"admin","yetki":"ADMIN"},"duration":0.0091}
{"timestamp":"2019-11-26T10:01:41+03:00","router_error":null,"details":{"kullanici":"admin","yetki":"ADMIN"},"duration":0.01007}
{"timestamp":"2019-11-26T10:02:25+03:00","router_error":null,"details":{"kullanici":"admin","yetki":"ADMIN"},"duration":0.01033}
{"timestamp":"2019-11-26T10:03:33+03:00","router_error":null,"details":{"kullanici":"admin","yetki":"ADMIN"},"duration":0.00955}
{"timestamp":"2019-11-26T10:04:17+03:00","router_error":null,"details":{"kullanici":"admin","yetki":"ADMIN"},"duration":0.01298}
{"timestamp":"2019-11-26T10:06:00+03:00","router_error":null,"details":{"kullanici":"admin","yetki":"ADMIN"},"duration":0.00996}
{"timestamp":"2019-11-26T10:16:03+03:00","router_error":null,"details":true,"duration":0.01102}
{"timestamp":"2019-11-26T10:35:11+03:00","router_error":null,"details":true,"duration":0.00234}
{"timestamp":"2019-11-26T10:35:11+03:00","router_error":null,"details":{"kullanici":"admin","yetki":"ADMIN"},"duration":0.01061}
{"timestamp":"2019-11-26T10:41:26+03:00","router_error":null,"details":{"kullanici":"admin","yetki":"ADMIN"},"duration":0.00945}
{"timestamp":"2019-11-26T10:51:29+03:00","router_error":null,"details":true,"duration":0.01002}
{"timestamp":"2019-11-26T11:05:32+03:00","router_error":null,"details":true,"duration":0.00165}
{"timestamp":"2019-11-26T11:05:32+03:00","router_error":null,"details":{"kullanici":"admin","yetki":"ADMIN"},"duration":0.00965}
{"timestamp":"2019-11-26T11:34:45+03:00","router_error":null,"details":{"kullanici":"admin","yetki":"ADMIN"},"duration":0.01046}
{"timestamp":"2019-11-26T11:44:32+03:00","router_error":null,"details":{"kullanici":"admin","yetki":"ADMIN"},"duration":0.0117}
{"timestamp":"2019-11-26T11:46:06+03:00","router_error":null,"details":{"kullanici":"admin","yetki":"ADMIN"},"duration":0.00922}
{"timestamp":"2019-11-26T11:56:09+03:00","router_error":null,"details":true,"duration":0.00875}
{"timestamp":"2019-11-26T11:56:18+03:00","router_error":null,"details":null,"duration":0.01135}
{"timestamp":"2019-11-26T16:26:23+03:00","router_error":null,"details":null,"duration":0.12264}
{"timestamp":"2019-11-26T16:45:19+03:00","router_error":null,"details":null,"duration":0.00932}
{"timestamp":"2019-11-26T16:45:19+03:00","router_error":null,"details":null,"duration":0.00847}
{"timestamp":"2019-11-26T16:45:24+03:00","router_error":null,"details":true,"duration":0.00264}
{"timestamp":"2019-11-26T16:45:24+03:00","router_error":null,"details":{"kullanici":"admin","yetki":"ADMIN"},"duration":0.13678}
{"timestamp":"2019-11-26T16:45:43+03:00","router_error":null,"details":true,"duration":0.01126}
{"timestamp":"2019-11-26T17:45:04+03:00","router_error":null,"details":true,"duration":0.00247}
{"timestamp":"2019-11-26T17:45:04+03:00","router_error":null,"details":{"kullanici":"admin","yetki":"ADMIN"},"duration":0.00912}
{"timestamp":"2019-11-26T17:55:06+03:00","router_error":null,"details":true,"duration":0.00954}
{"timestamp":"2019-11-27T13:28:38+03:00","router_error":null,"details":null,"duration":0.00916}
{"timestamp":"2019-11-27T13:28:46+03:00","router_error":null,"details":true,"duration":0.02693}
{"timestamp":"2019-11-27T13:28:46+03:00","router_error":null,"details":{"kullanici":"admin","yetki":"ADMIN"},"duration":0.00916}
{"timestamp":"2019-11-27T13:39:23+03:00","router_error":null,"details":true,"duration":0.00941}
{"timestamp":"2019-11-27T13:42:38+03:00","router_error":null,"details":true,"duration":0.00238}
{"timestamp":"2019-11-27T13:42:38+03:00","router_error":null,"details":{"kullanici":"admin","yetki":"ADMIN"},"duration":0.00936}
{"timestamp":"2019-11-27T13:42:48+03:00","router_error":null,"details":{"kullanici":"admin","yetki":"ADMIN"},"duration":0.01208}
{"timestamp":"2019-11-27T13:43:04+03:00","router_error":null,"details":{"kullanici":"admin","yetki":"ADMIN"},"duration":0.0118}
{"timestamp":"2019-11-27T13:48:04+03:00","router_error":null,"details":{"kullanici":"admin","yetki":"ADMIN"},"duration":0.00984}
{"timestamp":"2019-11-27T13:49:25+03:00","router_error":null,"details":{"kullanici":"admin","yetki":"ADMIN"},"duration":0.01002}
{"timestamp":"2019-11-27T13:49:38+03:00","router_error":null,"details":{"kullanici":"admin","yetki":"ADMIN"},"duration":0.01185}
{"timestamp":"2019-11-27T13:51:13+03:00","router_error":null,"details":{"kullanici":"admin","yetki":"ADMIN"},"duration":0.0094}
{"timestamp":"2019-11-27T13:54:05+03:00","router_error":null,"details":{"kullanici":"admin","yetki":"ADMIN"},"duration":0.00976}
{"timestamp":"2019-11-27T13:54:13+03:00","router_error":null,"details":{"kullanici":"admin","yetki":"ADMIN"},"duration":0.01016}
{"timestamp":"2019-11-27T14:00:29+03:00","router_error":null,"details":{"kullanici":"admin","yetki":"ADMIN"},"duration":0.00954}
{"timestamp":"2019-11-27T14:06:26+03:00","router_error":null,"details":{"kullanici":"admin","yetki":"ADMIN"},"duration":0.0102}
{"timestamp":"2019-11-27T14:06:37+03:00","router_error":null,"details":{"kullanici":"admin","yetki":"ADMIN"},"duration":0.01236}
{"timestamp":"2019-11-27T14:07:08+03:00","router_error":null,"details":{"kullanici":"admin","yetki":"ADMIN"},"duration":0.01134}
{"timestamp":"2019-11-27T14:11:38+03:00","router_error":null,"details":{"kullanici":"admin","yetki":"ADMIN"},"duration":0.00962}
{"timestamp":"2019-11-27T14:15:23+03:00","router_error":null,"details":{"kullanici":"admin","yetki":"ADMIN"},"duration":0.00937}
{"timestamp":"2019-11-27T14:16:05+03:00","router_error":null,"details":{"kullanici":"admin","yetki":"ADMIN"},"duration":0.01024}
{"timestamp":"2019-11-27T14:19:19+03:00","router_error":null,"details":{"kullanici":"admin","yetki":"ADMIN"},"duration":0.00933}
{"timestamp":"2019-11-27T14:20:27+03:00","router_error":null,"details":{"kullanici":"admin","yetki":"ADMIN"},"duration":0.0091}
{"timestamp":"2019-11-27T14:22:19+03:00","router_error":null,"details":{"kullanici":"admin","yetki":"ADMIN"},"duration":0.0098}
{"timestamp":"2019-11-27T14:23:07+03:00","router_error":null,"details":{"kullanici":"admin","yetki":"ADMIN"},"duration":0.01048}
{"timestamp":"2019-11-27T14:24:05+03:00","router_error":null,"details":{"kullanici":"admin","yetki":"ADMIN"},"duration":0.0115}
{"timestamp":"2019-11-27T14:24:23+03:00","router_error":null,"details":{"kullanici":"admin","yetki":"ADMIN"},"duration":0.00957}
{"timestamp":"2019-11-27T14:25:20+03:00","router_error":null,"details":{"kullanici":"admin","yetki":"ADMIN"},"duration":0.00946}
{"timestamp":"2019-11-27T14:25:38+03:00","router_error":null,"details":{"kullanici":"admin","yetki":"ADMIN"},"duration":0.0094}
{"timestamp":"2019-11-27T14:26:10+03:00","router_error":null,"details":{"kullanici":"admin","yetki":"ADMIN"},"duration":0.00944}
{"timestamp":"2019-11-27T14:27:23+03:00","router_error":null,"details":{"kullanici":"admin","yetki":"ADMIN"},"duration":0.00948}
{"timestamp":"2019-11-27T14:28:52+03:00","router_error":null,"details":{"kullanici":"admin","yetki":"ADMIN"},"duration":0.00907}
{"timestamp":"2019-11-27T14:29:00+03:00","router_error":null,"details":{"kullanici":"admin","yetki":"ADMIN"},"duration":0.00822}
{"timestamp":"2019-11-27T14:29:32+03:00","router_error":null,"details":{"kullanici":"admin","yetki":"ADMIN"},"duration":0.0109}
{"timestamp":"2019-11-27T14:30:58+03:00","router_error":null,"details":{"kullanici":"admin","yetki":"ADMIN"},"duration":0.00914}
{"timestamp":"2019-11-27T14:32:43+03:00","router_error":null,"details":{"kullanici":"admin","yetki":"ADMIN"},"duration":0.00921}
{"timestamp":"2019-11-27T14:35:48+03:00","router_error":null,"details":{"kullanici":"admin","yetki":"ADMIN"},"duration":0.00925}
{"timestamp":"2019-11-27T14:40:12+03:00","router_error":null,"details":{"kullanici":"admin","yetki":"ADMIN"},"duration":0.01011}
{"timestamp":"2019-11-27T14:44:13+03:00","router_error":null,"details":{"kullanici":"admin","yetki":"ADMIN"},"duration":0.01028}
{"timestamp":"2019-11-27T14:45:28+03:00","router_error":null,"details":{"kullanici":"admin","yetki":"ADMIN"},"duration":0.00989}
{"timestamp":"2019-11-27T14:45:52+03:00","router_error":null,"details":true,"duration":0.12078}
{"timestamp":"2019-11-27T14:45:59+03:00","router_error":null,"details":true,"duration":0.0023}
{"timestamp":"2019-11-27T14:45:59+03:00","router_error":null,"details":{"kullanici":"admin","yetki":"ADMIN"},"duration":0.00944}
{"timestamp":"2019-11-27T14:56:24+03:00","router_error":null,"details":true,"duration":0.0103}
{"timestamp":"2019-11-27T14:56:45+03:00","router_error":null,"details":true,"duration":0.00225}
{"timestamp":"2019-11-27T14:56:45+03:00","router_error":null,"details":{"kullanici":"admin","yetki":"ADMIN"},"duration":0.01003}
{"timestamp":"2019-11-27T15:06:47+03:00","router_error":null,"details":true,"duration":0.01266}
{"timestamp":"2019-11-27T16:47:22+03:00","router_error":null,"details":true,"duration":0.01045}
{"timestamp":"2019-11-27T16:49:17+03:00","router_error":null,"details":true,"duration":0.01064}
{"timestamp":"2019-11-27T16:50:24+03:00","router_error":null,"details":true,"duration":0.01099}
{"timestamp":"2019-11-27T16:50:35+03:00","router_error":null,"details":true,"duration":0.01612}
{"timestamp":"2019-11-27T16:50:53+03:00","router_error":null,"details":true,"duration":0.01129}
{"timestamp":"2019-11-27T16:51:10+03:00","router_error":null,"details":true,"duration":0.01026}
{"timestamp":"2019-11-27T17:07:43+03:00","router_error":null,"details":true,"duration":0.01079}
{"timestamp":"2019-11-27T17:07:56+03:00","router_error":null,"details":true,"duration":0.01119}
{"timestamp":"2019-11-27T17:10:08+03:00","router_error":null,"details":true,"duration":0.00951}
{"timestamp":"2019-11-27T17:12:25+03:00","router_error":null,"details":true,"duration":0.00927}
{"timestamp":"2019-11-27T17:12:36+03:00","router_error":null,"details":true,"duration":0.00943}
{"timestamp":"2019-11-27T17:12:59+03:00","router_error":null,"details":true,"duration":0.00948}
{"timestamp":"2019-11-27T17:13:40+03:00","router_error":null,"details":true,"duration":0.00961}
{"timestamp":"2019-11-27T17:14:25+03:00","router_error":null,"details":true,"duration":0.00319}
{"timestamp":"2019-11-27T17:14:25+03:00","router_error":null,"details":{"kullanici":"admin","yetki":"ADMIN"},"duration":0.13958}
{"timestamp":"2019-11-28T08:40:48+03:00","router_error":null,"details":null,"duration":0.01172}
{"timestamp":"2019-11-28T08:40:49+03:00","router_error":null,"details":null,"duration":0.00851}
{"timestamp":"2019-11-28T08:41:50+03:00","router_error":null,"details":null,"duration":0.00821}
{"timestamp":"2019-11-28T08:42:42+03:00","router_error":null,"details":null,"duration":0.00951}
{"timestamp":"2019-11-28T08:43:10+03:00","router_error":null,"details":null,"duration":0.01076}
{"timestamp":"2019-11-28T08:43:43+03:00","router_error":null,"details":null,"duration":0.00998}
{"timestamp":"2019-11-28T08:43:57+03:00","router_error":null,"details":null,"duration":0.01153}
{"timestamp":"2019-11-28T08:44:13+03:00","router_error":null,"details":null,"duration":0.01058}
{"timestamp":"2019-11-28T08:44:24+03:00","router_error":null,"details":null,"duration":0.0088}
{"timestamp":"2019-11-28T08:45:26+03:00","router_error":null,"details":null,"duration":0.00873}
{"timestamp":"2019-11-28T08:45:46+03:00","router_error":null,"details":null,"duration":0.0091}
{"timestamp":"2019-11-28T08:47:41+03:00","router_error":null,"details":null,"duration":0.00984}
{"timestamp":"2019-11-28T08:49:17+03:00","router_error":null,"details":null,"duration":0.00875}
{"timestamp":"2019-11-28T09:15:57+03:00","router_error":null,"details":true,"duration":0.02902}
{"timestamp":"2019-11-28T09:15:57+03:00","router_error":null,"details":{"kullanici":"admin","yetki":"ADMIN"},"duration":0.01127}
{"timestamp":"2019-11-28T09:19:48+03:00","router_error":null,"details":{"kullanici":"admin","yetki":"ADMIN"},"duration":0.00945}
{"timestamp":"2019-11-28T09:23:07+03:00","router_error":null,"details":{"kullanici":"admin","yetki":"ADMIN"},"duration":0.01004}
{"timestamp":"2019-11-28T09:33:08+03:00","router_error":null,"details":true,"duration":0.01202}
{"timestamp":"2019-11-28T09:35:26+03:00","router_error":null,"details":true,"duration":0.0025}
{"timestamp":"2019-11-28T09:35:26+03:00","router_error":null,"details":{"kullanici":"admin","yetki":"ADMIN"},"duration":0.01146}
{"timestamp":"2019-11-28T09:35:50+03:00","router_error":null,"details":{"kullanici":"admin","yetki":"ADMIN"},"duration":0.0095}
{"timestamp":"2019-11-28T09:38:52+03:00","router_error":null,"details":{"kullanici":"admin","yetki":"ADMIN"},"duration":0.00988}
{"timestamp":"2019-11-28T09:39:38+03:00","router_error":null,"details":{"kullanici":"admin","yetki":"ADMIN"},"duration":0.00941}
{"timestamp":"2019-11-28T09:41:13+03:00","router_error":null,"details":{"kullanici":"admin","yetki":"ADMIN"},"duration":0.01245}
{"timestamp":"2019-11-28T09:41:28+03:00","router_error":null,"details":{"kullanici":"admin","yetki":"ADMIN"},"duration":0.01122}
{"timestamp":"2019-11-28T09:44:49+03:00","router_error":null,"details":{"kullanici":"admin","yetki":"ADMIN"},"duration":0.01102}
{"timestamp":"2019-11-28T09:45:12+03:00","router_error":null,"details":{"kullanici":"admin","yetki":"ADMIN"},"duration":0.00978}
{"timestamp":"2019-11-28T09:49:32+03:00","router_error":null,"details":{"kullanici":"admin","yetki":"ADMIN"},"duration":0.01036}
{"timestamp":"2019-11-28T09:51:01+03:00","router_error":null,"details":{"kullanici":"admin","yetki":"ADMIN"},"duration":0.01024}
{"timestamp":"2019-11-28T09:52:13+03:00","router_error":null,"details":{"kullanici":"admin","yetki":"ADMIN"},"duration":0.01001}
{"timestamp":"2019-11-28T09:59:06+03:00","router_error":null,"details":{"kullanici":"admin","yetki":"ADMIN"},"duration":0.00965}
{"timestamp":"2019-11-28T10:02:38+03:00","router_error":null,"details":{"kullanici":"admin","yetki":"ADMIN"},"duration":0.01011}
{"timestamp":"2019-11-28T10:05:04+03:00","router_error":null,"details":{"kullanici":"admin","yetki":"ADMIN"},"duration":0.00963}
{"timestamp":"2019-11-28T10:05:55+03:00","router_error":null,"details":{"kullanici":"admin","yetki":"ADMIN"},"duration":0.00989}
{"timestamp":"2019-11-28T10:06:32+03:00","router_error":null,"details":{"kullanici":"admin","yetki":"ADMIN"},"duration":0.0092}
{"timestamp":"2019-11-28T10:08:57+03:00","router_error":null,"details":{"kullanici":"admin","yetki":"ADMIN"},"duration":0.00996}
{"timestamp":"2019-11-28T10:10:16+03:00","router_error":null,"details":{"kullanici":"admin","yetki":"ADMIN"},"duration":0.00911}
{"timestamp":"2019-11-28T10:11:27+03:00","router_error":null,"details":{"kullanici":"admin","yetki":"ADMIN"},"duration":0.00984}
{"timestamp":"2019-11-28T10:21:29+03:00","router_error":null,"details":true,"duration":0.12397}
{"timestamp":"2019-11-28T10:38:18+03:00","router_error":null,"details":true,"duration":0.00277}
{"timestamp":"2019-11-28T10:38:18+03:00","router_error":null,"details":{"kullanici":"admin","yetki":"ADMIN"},"duration":0.00949}
{"timestamp":"2019-11-28T10:48:27+03:00","router_error":null,"details":true,"duration":0.0099}
{"timestamp":"2019-11-28T10:58:55+03:00","router_error":null,"details":true,"duration":0.00268}
{"timestamp":"2019-11-28T10:58:55+03:00","router_error":null,"details":{"kullanici":"admin","yetki":"ADMIN"},"duration":0.00974}
{"timestamp":"2019-11-28T11:09:11+03:00","router_error":null,"details":true,"duration":0.01218}
{"timestamp":"2019-11-28T11:11:24+03:00","router_error":null,"details":true,"duration":0.0022}
{"timestamp":"2019-11-28T11:11:24+03:00","router_error":null,"details":{"kullanici":"admin","yetki":"ADMIN"},"duration":0.00982}
{"timestamp":"2019-11-28T11:19:54+03:00","router_error":null,"details":{"kullanici":"admin","yetki":"ADMIN"},"duration":0.00943}
{"timestamp":"2019-11-28T11:23:59+03:00","router_error":null,"details":{"kullanici":"admin","yetki":"ADMIN"},"duration":0.00963}
{"timestamp":"2019-11-28T11:28:12+03:00","router_error":null,"details":{"kullanici":"admin","yetki":"ADMIN"},"duration":0.00928}
{"timestamp":"2019-11-28T11:29:37+03:00","router_error":null,"details":{"kullanici":"admin","yetki":"ADMIN"},"duration":0.00954}
{"timestamp":"2019-11-28T11:32:44+03:00","router_error":null,"details":{"kullanici":"admin","yetki":"ADMIN"},"duration":0.00913}
{"timestamp":"2019-11-28T11:33:19+03:00","router_error":null,"details":{"kullanici":"admin","yetki":"ADMIN"},"duration":0.00993}
{"timestamp":"2019-11-28T11:33:36+03:00","router_error":null,"details":{"kullanici":"admin","yetki":"ADMIN"},"duration":0.01013}
{"timestamp":"2019-11-28T11:34:19+03:00","router_error":null,"details":{"kullanici":"admin","yetki":"ADMIN"},"duration":0.01022}
{"timestamp":"2019-11-28T11:35:20+03:00","router_error":null,"details":{"kullanici":"admin","yetki":"ADMIN"},"duration":0.01117}
{"timestamp":"2019-11-28T11:36:27+03:00","router_error":null,"details":{"kullanici":"admin","yetki":"ADMIN"},"duration":0.00988}
{"timestamp":"2019-11-28T11:38:07+03:00","router_error":null,"details":{"kullanici":"admin","yetki":"ADMIN"},"duration":0.00925}
{"timestamp":"2019-11-28T11:43:18+03:00","router_error":null,"details":{"kullanici":"admin","yetki":"ADMIN"},"duration":0.01236}
{"timestamp":"2019-11-28T11:44:29+03:00","router_error":null,"details":{"kullanici":"admin","yetki":"ADMIN"},"duration":0.01508}
{"timestamp":"2019-11-28T11:45:10+03:00","router_error":null,"details":{"kullanici":"admin","yetki":"ADMIN"},"duration":0.00959}
{"timestamp":"2019-11-28T11:45:55+03:00","router_error":null,"details":{"kullanici":"admin","yetki":"ADMIN"},"duration":0.00984}
{"timestamp":"2019-11-28T11:46:53+03:00","router_error":null,"details":{"kullanici":"admin","yetki":"ADMIN"},"duration":0.0094}
{"timestamp":"2019-11-28T11:47:01+03:00","router_error":null,"details":{"kullanici":"admin","yetki":"ADMIN"},"duration":0.01273}
{"timestamp":"2019-11-28T11:47:03+03:00","router_error":null,"details":{"kullanici":"admin","yetki":"ADMIN"},"duration":0.00952}
{"timestamp":"2019-11-28T11:48:22+03:00","router_error":null,"details":{"kullanici":"admin","yetki":"ADMIN"},"duration":0.00901}
{"timestamp":"2019-11-28T11:48:42+03:00","router_error":null,"details":{"kullanici":"admin","yetki":"ADMIN"},"duration":0.00915}
{"timestamp":"2019-11-28T11:48:49+03:00","router_error":null,"details":{"kullanici":"admin","yetki":"ADMIN"},"duration":0.00946}
{"timestamp":"2019-11-28T11:48:58+03:00","router_error":null,"details":{"kullanici":"admin","yetki":"ADMIN"},"duration":0.00965}
{"timestamp":"2019-11-28T11:49:14+03:00","router_error":null,"details":{"kullanici":"admin","yetki":"ADMIN"},"duration":0.01029}
{"timestamp":"2019-11-28T11:51:20+03:00","router_error":null,"details":{"kullanici":"admin","yetki":"ADMIN"},"duration":0.0092}
{"timestamp":"2019-11-28T11:52:07+03:00","router_error":null,"details":{"kullanici":"admin","yetki":"ADMIN"},"duration":0.01018}
{"timestamp":"2019-11-28T11:56:12+03:00","router_error":null,"details":{"kullanici":"admin","yetki":"ADMIN"},"duration":0.0099}
{"timestamp":"2019-11-28T12:01:21+03:00","router_error":null,"details":{"kullanici":"admin","yetki":"ADMIN"},"duration":0.00954}
{"timestamp":"2019-11-28T12:11:22+03:00","router_error":null,"details":true,"duration":0.12211}
{"timestamp":"2019-11-28T13:08:32+03:00","router_error":null,"details":true,"duration":0.00261}
{"timestamp":"2019-11-28T13:08:32+03:00","router_error":null,"details":{"kullanici":"admin","yetki":"ADMIN"},"duration":0.01009}
{"timestamp":"2019-11-28T13:11:30+03:00","router_error":null,"details":{"kullanici":"admin","yetki":"ADMIN"},"duration":0.0099}
{"timestamp":"2019-11-28T13:11:51+03:00","router_error":null,"details":{"kullanici":"admin","yetki":"ADMIN"},"duration":0.00963}
{"timestamp":"2019-11-28T13:15:33+03:00","router_error":null,"details":{"kullanici":"admin","yetki":"ADMIN"},"duration":0.01038}
{"timestamp":"2019-11-28T13:16:21+03:00","router_error":null,"details":{"kullanici":"admin","yetki":"ADMIN"},"duration":0.00974}
{"timestamp":"2019-11-28T13:16:33+03:00","router_error":null,"details":{"kullanici":"admin","yetki":"ADMIN"},"duration":0.00943}
{"timestamp":"2019-11-28T13:16:53+03:00","router_error":null,"details":{"kullanici":"admin","yetki":"ADMIN"},"duration":0.0126}
{"timestamp":"2019-11-28T13:17:25+03:00","router_error":null,"details":{"kullanici":"admin","yetki":"ADMIN"},"duration":0.01027}
{"timestamp":"2019-11-28T13:18:06+03:00","router_error":null,"details":{"kullanici":"admin","yetki":"ADMIN"},"duration":0.00903}
{"timestamp":"2019-11-28T13:18:31+03:00","router_error":null,"details":{"kullanici":"admin","yetki":"ADMIN"},"duration":0.00935}
{"timestamp":"2019-11-28T13:21:31+03:00","router_error":null,"details":{"kullanici":"admin","yetki":"ADMIN"},"duration":0.00964}
{"timestamp":"2019-11-28T13:31:33+03:00","router_error":null,"details":true,"duration":0.12016}
{"timestamp":"2019-11-28T13:33:01+03:00","router_error":null,"details":false,"duration":0.01126}
{"timestamp":"2019-11-28T13:33:10+03:00","router_error":null,"details":true,"duration":0.00206}
{"timestamp":"2019-11-28T13:33:10+03:00","router_error":null,"details":{"kullanici":"admin","yetki":"ADMIN"},"duration":0.00909}
{"timestamp":"2019-11-28T13:34:12+03:00","router_error":null,"details":{"kullanici":"admin","yetki":"ADMIN"},"duration":0.01044}
{"timestamp":"2019-11-28T13:34:15+03:00","router_error":null,"details":{"kullanici":"admin","yetki":"ADMIN"},"duration":0.00984}
{"timestamp":"2019-11-28T13:34:40+03:00","router_error":null,"details":{"kullanici":"admin","yetki":"ADMIN"},"duration":0.01021}
{"timestamp":"2019-11-28T13:36:07+03:00","router_error":null,"details":{"kullanici":"admin","yetki":"ADMIN"},"duration":0.01206}
{"timestamp":"2019-11-28T13:36:31+03:00","router_error":null,"details":{"kullanici":"admin","yetki":"ADMIN"},"duration":0.01337}
{"timestamp":"2019-11-28T13:36:44+03:00","router_error":null,"details":{"kullanici":"admin","yetki":"ADMIN"},"duration":0.01182}
{"timestamp":"2019-11-28T13:37:04+03:00","router_error":null,"details":{"kullanici":"admin","yetki":"ADMIN"},"duration":0.00899}
{"timestamp":"2019-11-28T13:37:32+03:00","router_error":null,"details":{"kullanici":"admin","yetki":"ADMIN"},"duration":0.00943}
{"timestamp":"2019-11-28T13:38:20+03:00","router_error":null,"details":{"kullanici":"admin","yetki":"ADMIN"},"duration":0.01247}
{"timestamp":"2019-11-28T13:38:48+03:00","router_error":null,"details":{"kullanici":"admin","yetki":"ADMIN"},"duration":0.00966}
{"timestamp":"2019-11-28T13:39:04+03:00","router_error":null,"details":{"kullanici":"admin","yetki":"ADMIN"},"duration":0.01099}
{"timestamp":"2019-11-28T13:39:59+03:00","router_error":null,"details":{"kullanici":"admin","yetki":"ADMIN"},"duration":0.01123}
{"timestamp":"2019-11-28T13:40:44+03:00","router_error":null,"details":{"kullanici":"admin","yetki":"ADMIN"},"duration":0.01163}
{"timestamp":"2019-11-28T13:41:38+03:00","router_error":null,"details":{"kullanici":"admin","yetki":"ADMIN"},"duration":0.00973}
{"timestamp":"2019-11-28T13:42:45+03:00","router_error":null,"details":{"kullanici":"admin","yetki":"ADMIN"},"duration":0.00991}
{"timestamp":"2019-11-28T13:43:35+03:00","router_error":null,"details":{"kullanici":"admin","yetki":"ADMIN"},"duration":0.01003}
{"timestamp":"2019-11-28T13:43:55+03:00","router_error":null,"details":{"kullanici":"admin","yetki":"ADMIN"},"duration":0.014}
{"timestamp":"2019-11-28T13:44:59+03:00","router_error":null,"details":{"kullanici":"admin","yetki":"ADMIN"},"duration":0.01368}
{"timestamp":"2019-11-28T13:51:44+03:00","router_error":null,"details":{"kullanici":"admin","yetki":"ADMIN"},"duration":0.00924}
{"timestamp":"2019-11-28T13:53:11+03:00","router_error":null,"details":{"kullanici":"admin","yetki":"ADMIN"},"duration":0.01195}
{"timestamp":"2019-11-28T13:54:06+03:00","router_error":null,"details":{"kullanici":"admin","yetki":"ADMIN"},"duration":0.0108}
{"timestamp":"2019-11-28T14:04:08+03:00","router_error":null,"details":true,"duration":0.01222}
{"timestamp":"2019-11-28T14:21:27+03:00","router_error":null,"details":true,"duration":0.00297}
{"timestamp":"2019-11-28T14:21:27+03:00","router_error":null,"details":{"kullanici":"admin","yetki":"ADMIN"},"duration":0.01097}
{"timestamp":"2019-11-28T14:27:41+03:00","router_error":null,"details":{"kullanici":"admin","yetki":"ADMIN"},"duration":0.01145}
{"timestamp":"2019-11-28T14:29:21+03:00","router_error":null,"details":{"kullanici":"admin","yetki":"ADMIN"},"duration":0.01675}
{"timestamp":"2019-11-28T14:30:24+03:00","router_error":null,"details":{"kullanici":"admin","yetki":"ADMIN"},"duration":0.01133}
{"timestamp":"2019-11-28T14:30:54+03:00","router_error":null,"details":{"kullanici":"admin","yetki":"ADMIN"},"duration":0.01382}
{"timestamp":"2019-11-28T14:33:30+03:00","router_error":null,"details":{"kullanici":"admin","yetki":"ADMIN"},"duration":0.0107}
{"timestamp":"2019-11-28T14:34:02+03:00","router_error":null,"details":{"kullanici":"admin","yetki":"ADMIN"},"duration":0.01293}
{"timestamp":"2019-11-28T14:34:31+03:00","router_error":null,"details":{"kullanici":"admin","yetki":"ADMIN"},"duration":0.00947}
{"timestamp":"2019-11-28T14:35:02+03:00","router_error":null,"details":{"kullanici":"admin","yetki":"ADMIN"},"duration":0.00919}
{"timestamp":"2019-11-28T14:35:36+03:00","router_error":null,"details":{"kullanici":"admin","yetki":"ADMIN"},"duration":0.00945}
{"timestamp":"2019-11-28T14:36:13+03:00","router_error":null,"details":{"kullanici":"admin","yetki":"ADMIN"},"duration":0.01179}
{"timestamp":"2019-11-28T14:36:41+03:00","router_error":null,"details":{"kullanici":"admin","yetki":"ADMIN"},"duration":0.01182}
{"timestamp":"2019-11-28T14:36:50+03:00","router_error":null,"details":{"kullanici":"admin","yetki":"ADMIN"},"duration":0.01275}
{"timestamp":"2019-11-28T14:37:27+03:00","router_error":null,"details":{"kullanici":"admin","yetki":"ADMIN"},"duration":0.01063}
{"timestamp":"2019-11-28T14:37:38+03:00","router_error":null,"details":{"kullanici":"admin","yetki":"ADMIN"},"duration":0.012}
{"timestamp":"2019-11-28T14:37:49+03:00","router_error":null,"details":{"kullanici":"admin","yetki":"ADMIN"},"duration":0.01221}
{"timestamp":"2019-11-28T14:47:51+03:00","router_error":null,"details":true,"duration":0.01008}
{"timestamp":"2019-11-28T14:55:44+03:00","router_error":null,"details":true,"duration":0.00215}
{"timestamp":"2019-11-28T14:55:44+03:00","router_error":null,"details":{"kullanici":"admin","yetki":"ADMIN"},"duration":0.00942}
{"timestamp":"2019-11-28T15:01:43+03:00","router_error":null,"details":{"kullanici":"admin","yetki":"ADMIN"},"duration":0.01342}
{"timestamp":"2019-11-28T15:02:50+03:00","router_error":null,"details":{"kullanici":"admin","yetki":"ADMIN"},"duration":0.01065}
{"timestamp":"2019-11-28T15:03:18+03:00","router_error":null,"details":{"kullanici":"admin","yetki":"ADMIN"},"duration":0.00998}
{"timestamp":"2019-11-28T15:04:37+03:00","router_error":null,"details":{"kullanici":"admin","yetki":"ADMIN"},"duration":0.00943}
{"timestamp":"2019-11-28T15:04:58+03:00","router_error":null,"details":{"kullanici":"admin","yetki":"ADMIN"},"duration":0.01158}
