[15-Nov-2019 15:38:52 Europe/Istanbul] PHP Fatal error:  Uncaught Error: Cannot pass parameter 2 by reference in D:\code\dojo2\src\back-end\data\test.php:8
Stack trace:
#0 {main}
  thrown in D:\code\dojo2\src\back-end\data\test.php on line 8
[15-Nov-2019 15:40:12 Europe/Istanbul] PHP Notice:  Undefined offset: 0 in D:\code\dojo2\src\back-end\lib\SQLite3Ex.php on line 68
[15-Nov-2019 15:41:37 Europe/Istanbul] PHP Notice:  Undefined offset: 0 in D:\code\dojo2\src\back-end\lib\SQLite3Ex.php on line 68
[15-Nov-2019 15:42:32 Europe/Istanbul] PHP Notice:  Undefined offset: 0 in D:\code\dojo2\src\back-end\lib\SQLite3Ex.php on line 68
[15-Nov-2019 15:59:40 Europe/Istanbul] PHP Warning:  SQLite3::prepare(): Unable to prepare statement: 1, near "-": syntax error in D:\code\dojo2\src\back-end\lib\SQLite3Ex.php on line 34
[15-Nov-2019 15:59:40 Europe/Istanbul] PHP Warning:  SQLite3::prepare(): Unable to prepare statement: 1, near "-": syntax error in D:\code\dojo2\src\back-end\lib\SQLite3Ex.php on line 35
[15-Nov-2019 15:59:40 Europe/Istanbul] PHP Fatal error:  Uncaught Error: Call to a member function bindParam() on boolean in D:\code\dojo2\src\back-end\lib\SQLite3Ex.php:40
Stack trace:
#0 D:\code\dojo2\src\back-end\data\test.php(10): SQLite3Paging->bindParam('ts', '2019-01-01', 3)
#1 {main}
  thrown in D:\code\dojo2\src\back-end\lib\SQLite3Ex.php on line 40
[15-Nov-2019 16:01:09 Europe/Istanbul] PHP Warning:  SQLite3::prepare(): Unable to prepare statement: 1, near "-": syntax error in D:\code\dojo2\src\back-end\lib\SQLite3Ex.php on line 35
[15-Nov-2019 16:01:09 Europe/Istanbul] PHP Warning:  SQLite3::prepare(): Unable to prepare statement: 1, near "-": syntax error in D:\code\dojo2\src\back-end\lib\SQLite3Ex.php on line 36
[15-Nov-2019 16:01:09 Europe/Istanbul] PHP Fatal error:  Uncaught Error: Call to a member function bindParam() on boolean in D:\code\dojo2\src\back-end\lib\SQLite3Ex.php:46
Stack trace:
#0 D:\code\dojo2\src\back-end\data\test.php(10): SQLite3Paging->bindParam('ts', '2019-01-01', 3)
#1 {main}
  thrown in D:\code\dojo2\src\back-end\lib\SQLite3Ex.php on line 46
